<?xml version="1.0" encoding="UTF-8"?>
<!-- Generated by org.testng.reporters.JUnitReportReporter -->
<testsuite hostname="KALAB01-E7440" name="TestPkg1.TestCls1" tests="1" failures="0" timestamp="2 Feb 2016 16:08:54 GMT" time="10.332" errors="0">
  <testcase name="testGooglePageTitleInIEBrowser" time="10.332" classname="TestPkg1.TestCls1"/>
</testsuite> <!-- TestPkg1.TestCls1 -->
