<?xml version="1.0" encoding="UTF-8"?>
<!-- Generated by org.testng.reporters.JUnitReportReporter -->
<testsuite hostname="KALAB01-E7440" name="TestPkg1.TestCls1" tests="1" failures="0" timestamp="4 Feb 2016 15:27:37 GMT" time="1.277" errors="0">
  <testcase name="testGooglePageTitleInIEBrowser" time="1.277" classname="TestPkg1.TestCls1"/>
</testsuite> <!-- TestPkg1.TestCls1 -->
