<?xml version="1.0" encoding="UTF-8"?>
<!-- Generated by org.testng.reporters.JUnitReportReporter -->
<testsuite hostname="KALAB01-E7440" name="TestPkg1.TestCls1" tests="1" failures="0" timestamp="3 Feb 2016 08:06:12 GMT" time="1.880" errors="0">
  <testcase name="testGooglePageTitleInIEBrowser" time="1.880" classname="TestPkg1.TestCls1"/>
</testsuite> <!-- TestPkg1.TestCls1 -->
